SF:lib\meta_weather_api.dart
DA:9,0
LF:1
LH:0
end_of_record
SF:lib\src\meta_weather_api_client.dart
DA:25,1
DA:26,1
DA:29,1
DA:30,1
DA:33,1
DA:36,3
DA:38,1
DA:39,1
DA:42,0
DA:44,0
DA:45,0
DA:48,0
DA:51,1
DA:52,2
DA:53,2
DA:55,1
DA:56,1
DA:59,0
DA:61,0
DA:62,0
DA:65,0
DA:67,0
DA:68,0
DA:71,0
LF:24
LH:13
end_of_record
SF:lib\src\models\location.dart
DA:5,3
DA:29,0
DA:36,1
DA:37,1
DA:44,0
DA:48,6
DA:50,0
DA:52,0
DA:53,0
DA:54,0
DA:55,0
DA:59,0
DA:61,0
LF:13
LH:4
end_of_record
SF:lib\src\models\location.g.dart
DA:11,2
DA:14,1
DA:15,0
DA:16,2
DA:17,1
DA:18,2
DA:19,0
DA:20,0
DA:21,0
LF:9
LH:5
end_of_record
SF:lib\src\models\weather.dart
DA:4,3
DA:29,2
DA:32,3
DA:72,1
DA:90,1
DA:91,1
LF:6
LH:6
end_of_record
SF:lib\src\models\weather.g.dart
DA:11,2
DA:14,1
DA:15,1
DA:16,2
DA:18,2
DA:19,1
DA:21,2
DA:23,1
DA:25,2
DA:28,3
DA:29,1
DA:30,2
DA:31,3
DA:32,3
DA:33,3
DA:35,3
DA:37,3
DA:39,3
DA:40,2
DA:42,3
DA:43,2
LF:21
LH:21
end_of_record
